<?xml version="1.0" encoding="UTF-8"?>
<!-- Generated by org.testng.reporters.JUnitReportReporter -->
<testsuite hostname="DESKTOP-PM7QSU0" name="KhanAcademy.KhanAcademy" tests="2" failures="0" timestamp="28 Dec 2020 14:20:12 GMT" time="38.264" errors="0">
  <testcase name="signIn" time="9.762" classname="KhanAcademy.KhanAcademy"/>
  <testcase name="selectMyCourse" time="28.502" classname="KhanAcademy.KhanAcademy"/>
</testsuite> <!-- KhanAcademy.KhanAcademy -->
